<?xml version="1.0" encoding="UTF-8"?>
<!-- Generated by org.testng.reporters.JUnitXMLReporter -->
<testsuite ignored="0" hostname="Sameers-MacBook-Pro.local" failures="1" tests="2" name="Default test" time="76.596" errors="0" timestamp="2024-10-07T12:10:08 IST">
  <testcase classname="io.cucumber.testng.AbstractTestNGCucumberTests" name="runScenario" time="60.864">
    <failure type="java.lang.AssertionError" message="null">
      <![CDATA[java.lang.AssertionError: null
at org.testng.Assert.fail(Assert.java:110)
at org.testng.Assert.fail(Assert.java:115)
at stepDefinitions.TestSteps.user_clicks_on_login_button(TestSteps.java:135)
at ✽.user clicks on the login button(file:///Users/sameermehta/git/repository/FabFunnel13/src/main/resource/features/test.feature:14)
]]>
    </failure>
  </testcase> <!-- runScenario -->
  <testcase classname="io.cucumber.testng.AbstractTestNGCucumberTests" name="runScenario" time="75.622"/>
</testsuite> <!-- Default test -->
