<?xml version="1.0" encoding="UTF-8"?>
<testng-results ignored="0" total="2" passed="2" failed="0" skipped="0">
  <reporter-output>
  </reporter-output>
  <suite started-at="2024-10-07T14:05:47 IST" name="Default suite" finished-at="2024-10-07T14:06:48 IST" duration-ms="60809">
    <groups>
      <group name="cucumber">
        <method signature="AbstractTestNGCucumberTests.runScenario(io.cucumber.testng.PickleWrapper,io.cucumber.testng.FeatureWrapper)[pri:0, instance:runner.TestRunner@544fa968]" name="runScenario" class="io.cucumber.testng.AbstractTestNGCucumberTests"/>
      </group> <!-- cucumber -->
    </groups>
    <test started-at="2024-10-07T14:05:47 IST" name="Default test" finished-at="2024-10-07T14:06:48 IST" duration-ms="60809">
      <class name="runner.TestRunner">
        <test-method is-config="true" signature="setUpClass(org.testng.ITestContext)[pri:0, instance:runner.TestRunner@544fa968]" started-at="2024-10-07T14:05:47 IST" name="setUpClass" finished-at="2024-10-07T14:05:48 IST" duration-ms="662" status="PASS">
          <params>
            <param index="0">
              <value>
                <![CDATA[org.testng.TestRunner@3811510]]>
              </value>
            </param>
          </params>
          <reporter-output>
          </reporter-output>
        </test-method> <!-- setUpClass -->
        <test-method signature="runScenario(io.cucumber.testng.PickleWrapper,io.cucumber.testng.FeatureWrapper)[pri:0, instance:runner.TestRunner@544fa968]" started-at="2024-10-07T14:05:48 IST" name="runScenario" description="Runs Cucumber Scenarios" data-provider="scenarios" finished-at="2024-10-07T14:06:26 IST" duration-ms="38193" status="PASS">
          <params>
            <param index="0">
              <value>
                <![CDATA["test login feature of application"]]>
              </value>
            </param>
            <param index="1">
              <value>
                <![CDATA["to test the login functionality"]]>
              </value>
            </param>
          </params>
          <reporter-output>
          </reporter-output>
        </test-method> <!-- runScenario -->
        <test-method signature="runScenario(io.cucumber.testng.PickleWrapper,io.cucumber.testng.FeatureWrapper)[pri:0, instance:runner.TestRunner@544fa968]" started-at="2024-10-07T14:06:26 IST" name="runScenario" description="Runs Cucumber Scenarios" data-provider="scenarios" finished-at="2024-10-07T14:06:48 IST" duration-ms="21794" status="PASS">
          <params>
            <param index="0">
              <value>
                <![CDATA["test negative scenario for login feature"]]>
              </value>
            </param>
            <param index="1">
              <value>
                <![CDATA["to test the login functionality"]]>
              </value>
            </param>
          </params>
          <reporter-output>
          </reporter-output>
        </test-method> <!-- runScenario -->
        <test-method is-config="true" signature="tearDownClass()[pri:0, instance:runner.TestRunner@544fa968]" started-at="2024-10-07T14:06:48 IST" name="tearDownClass" finished-at="2024-10-07T14:06:48 IST" duration-ms="95" status="PASS">
          <reporter-output>
          </reporter-output>
        </test-method> <!-- tearDownClass -->
      </class> <!-- runner.TestRunner -->
    </test> <!-- Default test -->
  </suite> <!-- Default suite -->
</testng-results>
